# JRE version: OpenJDK Runtime Environment (8.0_242-b01) (build 1.8.0_242-release-1644-b01)
# Java VM: OpenJDK 64-Bit Server VM (25.242-b01 mixed mode windows-amd64 compressed oops)
Heap:
 PSYoungGen      total 461824K, used 289827K [0x00000000e0000000, 0x00000000ff780000, 0x0000000100000000)
  eden space 409600K, 67% used [0x00000000e0000000,0x00000000f0e0d370,0x00000000f9000000)
  from space 52224K, 25% used [0x00000000f9000000,0x00000000f9cfba40,0x00000000fc300000)
  to   space 48640K, 0% used [0x00000000fc800000,0x00000000fc800000,0x00000000ff780000)
 ParOldGen       total 587264K, used 392656K [0x00000000a0000000, 0x00000000c3d80000, 0x00000000e0000000)
  object space 587264K, 66% used [0x00000000a0000000,0x00000000b7f742e0,0x00000000c3d80000)
 Metaspace       used 165124K, capacity 173816K, committed 176920K, reserved 1204224K
  class space    used 19943K, capacity 21568K, committed 23064K, reserved 1048576K
GC Heap History (10 events):
Event: 5183.643 GC heap before
{Heap before GC invocations=110 (full 7):
 PSYoungGen      total 445440K, used 389655K [0x00000000e0000000, 0x00000000ff400000, 0x0000000100000000)
  eden space 378368K, 100% used [0x00000000e0000000,0x00000000f7180000,0x00000000f7180000)
  from space 67072K, 16% used [0x00000000fb280000,0x00000000fbd85ec0,0x00000000ff400000)
  to   space 66560K, 0% used [0x00000000f7180000,0x00000000f7180000,0x00000000fb280000)
 ParOldGen       total 587264K, used 363677K [0x00000000a0000000, 0x00000000c3d80000, 0x00000000e0000000)
  object space 587264K, 61% used [0x00000000a0000000,0x00000000b63276c8,0x00000000c3d80000)
 Metaspace       used 165031K, capacity 173730K, committed 176920K, reserved 1204224K
  class space    used 19938K, capacity 21565K, committed 23064K, reserved 1048576K
Event: 5183.658 GC heap after
Heap after GC invocations=110 (full 7):
 PSYoungGen      total 444928K, used 14147K [0x00000000e0000000, 0x00000000ff580000, 0x0000000100000000)
  eden space 378368K, 0% used [0x00000000e0000000,0x00000000e0000000,0x00000000f7180000)
  from space 66560K, 21% used [0x00000000f7180000,0x00000000f7f50c48,0x00000000fb280000)
  to   space 61440K, 0% used [0x00000000fb980000,0x00000000fb980000,0x00000000ff580000)
 ParOldGen       total 587264K, used 365147K [0x00000000a0000000, 0x00000000c3d80000, 0x00000000e0000000)
  object space 587264K, 62% used [0x00000000a0000000,0x00000000b6496ea8,0x00000000c3d80000)
 Metaspace       used 165031K, capacity 173730K, committed 176920K, reserved 1204224K
  class space    used 19938K, capacity 21565K, committed 23064K, reserved 1048576K
}
Event: 5184.179 GC heap before
{Heap before GC invocations=111 (full 7):
 PSYoungGen      total 444928K, used 392515K [0x00000000e0000000, 0x00000000ff580000, 0x0000000100000000)
  eden space 378368K, 100% used [0x00000000e0000000,0x00000000f7180000,0x00000000f7180000)
  from space 66560K, 21% used [0x00000000f7180000,0x00000000f7f50c48,0x00000000fb280000)
  to   space 61440K, 0% used [0x00000000fb980000,0x00000000fb980000,0x00000000ff580000)
 ParOldGen       total 587264K, used 365147K [0x00000000a0000000, 0x00000000c3d80000, 0x00000000e0000000)
  object space 587264K, 62% used [0x00000000a0000000,0x00000000b6496ea8,0x00000000c3d80000)
 Metaspace       used 165057K, capacity 173730K, committed 176920K, reserved 1204224K
  class space    used 19940K, capacity 21565K, committed 23064K, reserved 1048576K
Event: 5184.195 GC heap after
Heap after GC invocations=111 (full 7):
 PSYoungGen      total 454144K, used 7158K [0x00000000e0000000, 0x00000000ff400000, 0x0000000100000000)
  eden space 394240K, 0% used [0x00000000e0000000,0x00000000e0000000,0x00000000f8100000)
  from space 59904K, 11% used [0x00000000fb980000,0x00000000fc07dbb0,0x00000000ff400000)
  to   space 57856K, 0% used [0x00000000f8100000,0x00000000f8100000,0x00000000fb980000)
 ParOldGen       total 587264K, used 374860K [0x00000000a0000000, 0x00000000c3d80000, 0x00000000e0000000)
  object space 587264K, 63% used [0x00000000a0000000,0x00000000b6e13188,0x00000000c3d80000)
 Metaspace       used 165057K, capacity 173730K, committed 176920K, reserved 1204224K
  class space    used 19940K, capacity 21565K, committed 23064K, reserved 1048576K
}
Event: 5184.821 GC heap before
{Heap before GC invocations=112 (full 7):
 PSYoungGen      total 454144K, used 401398K [0x00000000e0000000, 0x00000000ff400000, 0x0000000100000000)
  eden space 394240K, 100% used [0x00000000e0000000,0x00000000f8100000,0x00000000f8100000)
  from space 59904K, 11% used [0x00000000fb980000,0x00000000fc07dbb0,0x00000000ff400000)
  to   space 57856K, 0% used [0x00000000f8100000,0x00000000f8100000,0x00000000fb980000)
 ParOldGen       total 587264K, used 374860K [0x00000000a0000000, 0x00000000c3d80000, 0x00000000e0000000)
  object space 587264K, 63% used [0x00000000a0000000,0x00000000b6e13188,0x00000000c3d80000)
 Metaspace       used 165090K, capacity 173734K, committed 176920K, reserved 1204224K
  class space    used 19940K, capacity 21565K, committed 23064K, reserved 1048576K
Event: 5184.849 GC heap after
Heap after GC invocations=112 (full 7):
 PSYoungGen      total 452096K, used 18483K [0x00000000e0000000, 0x00000000ff900000, 0x0000000100000000)
  eden space 394240K, 0% used [0x00000000e0000000,0x00000000e0000000,0x00000000f8100000)
  from space 57856K, 31% used [0x00000000f8100000,0x00000000f930cc60,0x00000000fb980000)
  to   space 55296K, 0% used [0x00000000fc300000,0x00000000fc300000,0x00000000ff900000)
 ParOldGen       total 587264K, used 378428K [0x00000000a0000000, 0x00000000c3d80000, 0x00000000e0000000)
  object space 587264K, 64% used [0x00000000a0000000,0x00000000b718f340,0x00000000c3d80000)
 Metaspace       used 165090K, capacity 173734K, committed 176920K, reserved 1204224K
  class space    used 19940K, capacity 21565K, committed 23064K, reserved 1048576K
}
Event: 5185.395 GC heap before
{Heap before GC invocations=113 (full 7):
 PSYoungGen      total 452096K, used 412723K [0x00000000e0000000, 0x00000000ff900000, 0x0000000100000000)
  eden space 394240K, 100% used [0x00000000e0000000,0x00000000f8100000,0x00000000f8100000)
  from space 57856K, 31% used [0x00000000f8100000,0x00000000f930cc60,0x00000000fb980000)
  to   space 55296K, 0% used [0x00000000fc300000,0x00000000fc300000,0x00000000ff900000)
 ParOldGen       total 587264K, used 378428K [0x00000000a0000000, 0x00000000c3d80000, 0x00000000e0000000)
  object space 587264K, 64% used [0x00000000a0000000,0x00000000b718f340,0x00000000c3d80000)
 Metaspace       used 165102K, capacity 173734K, committed 176920K, reserved 1204224K
  class space    used 19941K, capacity 21565K, committed 23064K, reserved 1048576K
Event: 5185.406 GC heap after
Heap after GC invocations=113 (full 7):
 PSYoungGen      total 463360K, used 9664K [0x00000000e0000000, 0x00000000ff780000, 0x0000000100000000)
  eden space 409600K, 0% used [0x00000000e0000000,0x00000000e0000000,0x00000000f9000000)
  from space 53760K, 17% used [0x00000000fc300000,0x00000000fcc703b8,0x00000000ff780000)
  to   space 52224K, 0% used [0x00000000f9000000,0x00000000f9000000,0x00000000fc300000)
 ParOldGen       total 587264K, used 386041K [0x00000000a0000000, 0x00000000c3d80000, 0x00000000e0000000)
  object space 587264K, 65% used [0x00000000a0000000,0x00000000b78fe748,0x00000000c3d80000)
 Metaspace       used 165102K, capacity 173734K, committed 176920K, reserved 1204224K
  class space    used 19941K, capacity 21565K, committed 23064K, reserved 1048576K
}
Event: 5185.903 GC heap before
{Heap before GC invocations=114 (full 7):
 PSYoungGen      total 463360K, used 419264K [0x00000000e0000000, 0x00000000ff780000, 0x0000000100000000)
  eden space 409600K, 100% used [0x00000000e0000000,0x00000000f9000000,0x00000000f9000000)
  from space 53760K, 17% used [0x00000000fc300000,0x00000000fcc703b8,0x00000000ff780000)
  to   space 52224K, 0% used [0x00000000f9000000,0x00000000f9000000,0x00000000fc300000)
 ParOldGen       total 587264K, used 386041K [0x00000000a0000000, 0x00000000c3d80000, 0x00000000e0000000)
  object space 587264K, 65% used [0x00000000a0000000,0x00000000b78fe748,0x00000000c3d80000)
 Metaspace       used 165117K, capacity 173816K, committed 176920K, reserved 1204224K
  class space    used 19943K, capacity 21568K, committed 23064K, reserved 1048576K
Event: 5185.920 GC heap after
Heap after GC invocations=114 (full 7):
 PSYoungGen      total 461824K, used 13294K [0x00000000e0000000, 0x00000000ff780000, 0x0000000100000000)
  eden space 409600K, 0% used [0x00000000e0000000,0x00000000e0000000,0x00000000f9000000)
  from space 52224K, 25% used [0x00000000f9000000,0x00000000f9cfba40,0x00000000fc300000)
  to   space 48640K, 0% used [0x00000000fc800000,0x00000000fc800000,0x00000000ff780000)
 ParOldGen       total 587264K, used 392656K [0x00000000a0000000, 0x00000000c3d80000, 0x00000000e0000000)
  object space 587264K, 66% used [0x00000000a0000000,0x00000000b7f742e0,0x00000000c3d80000)
 Metaspace       used 165117K, capacity 173816K, committed 176920K, reserved 1204224K
  class space    used 19943K, capacity 21568K, committed 23064K, reserved 1048576K
}

