# JRE version: OpenJDK Runtime Environment (8.0_242-b01) (build 1.8.0_242-release-1644-b01)
# Java VM: OpenJDK 64-Bit Server VM (25.242-b01 mixed mode windows-amd64 compressed oops)
Heap:
 PSYoungGen      total 498688K, used 62859K [0x00000000e0000000, 0x00000000ffe00000, 0x0000000100000000)
  eden space 474624K, 11% used [0x00000000e0000000,0x00000000e3630b20,0x00000000fcf80000)
  from space 24064K, 30% used [0x00000000fcf80000,0x00000000fd6b23f8,0x00000000fe700000)
  to   space 22528K, 0% used [0x00000000fe800000,0x00000000fe800000,0x00000000ffe00000)
 ParOldGen       total 772096K, used 674192K [0x00000000a0000000, 0x00000000cf200000, 0x00000000e0000000)
  object space 772096K, 87% used [0x00000000a0000000,0x00000000c92640a0,0x00000000cf200000)
 Metaspace       used 105939K, capacity 111796K, committed 112152K, reserved 1146880K
  class space    used 13364K, capacity 14510K, committed 14632K, reserved 1048576K
GC Heap History (10 events):
Event: 507.579 GC heap before
{Heap before GC invocations=138 (full 5):
 PSYoungGen      total 498176K, used 481558K [0x00000000e0000000, 0x00000000fff00000, 0x0000000100000000)
  eden space 473088K, 100% used [0x00000000e0000000,0x00000000fce00000,0x00000000fce00000)
  from space 25088K, 33% used [0x00000000fe680000,0x00000000feec5820,0x00000000fff00000)
  to   space 25088K, 0% used [0x00000000fce00000,0x00000000fce00000,0x00000000fe680000)
 ParOldGen       total 772096K, used 657804K [0x00000000a0000000, 0x00000000cf200000, 0x00000000e0000000)
  object space 772096K, 85% used [0x00000000a0000000,0x00000000c8263300,0x00000000cf200000)
 Metaspace       used 105895K, capacity 111796K, committed 112152K, reserved 1146880K
  class space    used 13361K, capacity 14510K, committed 14632K, reserved 1048576K
Event: 507.590 GC heap after
Heap after GC invocations=138 (full 5):
 PSYoungGen      total 498176K, used 12848K [0x00000000e0000000, 0x00000000fff00000, 0x0000000100000000)
  eden space 473088K, 0% used [0x00000000e0000000,0x00000000e0000000,0x00000000fce00000)
  from space 25088K, 51% used [0x00000000fce00000,0x00000000fda8c098,0x00000000fe680000)
  to   space 24576K, 0% used [0x00000000fe700000,0x00000000fe700000,0x00000000fff00000)
 ParOldGen       total 772096K, used 663124K [0x00000000a0000000, 0x00000000cf200000, 0x00000000e0000000)
  object space 772096K, 85% used [0x00000000a0000000,0x00000000c8795218,0x00000000cf200000)
 Metaspace       used 105895K, capacity 111796K, committed 112152K, reserved 1146880K
  class space    used 13361K, capacity 14510K, committed 14632K, reserved 1048576K
}
Event: 507.824 GC heap before
{Heap before GC invocations=139 (full 5):
 PSYoungGen      total 498176K, used 485936K [0x00000000e0000000, 0x00000000fff00000, 0x0000000100000000)
  eden space 473088K, 100% used [0x00000000e0000000,0x00000000fce00000,0x00000000fce00000)
  from space 25088K, 51% used [0x00000000fce00000,0x00000000fda8c098,0x00000000fe680000)
  to   space 24576K, 0% used [0x00000000fe700000,0x00000000fe700000,0x00000000fff00000)
 ParOldGen       total 772096K, used 663124K [0x00000000a0000000, 0x00000000cf200000, 0x00000000e0000000)
  object space 772096K, 85% used [0x00000000a0000000,0x00000000c8795218,0x00000000cf200000)
 Metaspace       used 105895K, capacity 111796K, committed 112152K, reserved 1146880K
  class space    used 13361K, capacity 14510K, committed 14632K, reserved 1048576K
Event: 507.834 GC heap after
Heap after GC invocations=139 (full 5):
 PSYoungGen      total 498688K, used 6872K [0x00000000e0000000, 0x00000000ffe80000, 0x0000000100000000)
  eden space 474624K, 0% used [0x00000000e0000000,0x00000000e0000000,0x00000000fcf80000)
  from space 24064K, 28% used [0x00000000fe700000,0x00000000fedb6298,0x00000000ffe80000)
  to   space 24064K, 0% used [0x00000000fcf80000,0x00000000fcf80000,0x00000000fe700000)
 ParOldGen       total 772096K, used 670403K [0x00000000a0000000, 0x00000000cf200000, 0x00000000e0000000)
  object space 772096K, 86% used [0x00000000a0000000,0x00000000c8eb0ff0,0x00000000cf200000)
 Metaspace       used 105895K, capacity 111796K, committed 112152K, reserved 1146880K
  class space    used 13361K, capacity 14510K, committed 14632K, reserved 1048576K
}
Event: 508.071 GC heap before
{Heap before GC invocations=140 (full 5):
 PSYoungGen      total 498688K, used 481496K [0x00000000e0000000, 0x00000000ffe80000, 0x0000000100000000)
  eden space 474624K, 100% used [0x00000000e0000000,0x00000000fcf80000,0x00000000fcf80000)
  from space 24064K, 28% used [0x00000000fe700000,0x00000000fedb6298,0x00000000ffe80000)
  to   space 24064K, 0% used [0x00000000fcf80000,0x00000000fcf80000,0x00000000fe700000)
 ParOldGen       total 772096K, used 670403K [0x00000000a0000000, 0x00000000cf200000, 0x00000000e0000000)
  object space 772096K, 86% used [0x00000000a0000000,0x00000000c8eb0ff0,0x00000000cf200000)
 Metaspace       used 105898K, capacity 111796K, committed 112152K, reserved 1146880K
  class space    used 13361K, capacity 14510K, committed 14632K, reserved 1048576K
Event: 508.081 GC heap after
Heap after GC invocations=140 (full 5):
 PSYoungGen      total 498688K, used 12381K [0x00000000e0000000, 0x00000000ffe00000, 0x0000000100000000)
  eden space 474624K, 0% used [0x00000000e0000000,0x00000000e0000000,0x00000000fcf80000)
  from space 24064K, 51% used [0x00000000fcf80000,0x00000000fdb97680,0x00000000fe700000)
  to   space 23040K, 0% used [0x00000000fe780000,0x00000000fe780000,0x00000000ffe00000)
 ParOldGen       total 772096K, used 671674K [0x00000000a0000000, 0x00000000cf200000, 0x00000000e0000000)
  object space 772096K, 86% used [0x00000000a0000000,0x00000000c8feea00,0x00000000cf200000)
 Metaspace       used 105898K, capacity 111796K, committed 112152K, reserved 1146880K
  class space    used 13361K, capacity 14510K, committed 14632K, reserved 1048576K
}
Event: 508.303 GC heap before
{Heap before GC invocations=141 (full 5):
 PSYoungGen      total 498688K, used 487005K [0x00000000e0000000, 0x00000000ffe00000, 0x0000000100000000)
  eden space 474624K, 100% used [0x00000000e0000000,0x00000000fcf80000,0x00000000fcf80000)
  from space 24064K, 51% used [0x00000000fcf80000,0x00000000fdb97680,0x00000000fe700000)
  to   space 23040K, 0% used [0x00000000fe780000,0x00000000fe780000,0x00000000ffe00000)
 ParOldGen       total 772096K, used 671674K [0x00000000a0000000, 0x00000000cf200000, 0x00000000e0000000)
  object space 772096K, 86% used [0x00000000a0000000,0x00000000c8feea00,0x00000000cf200000)
 Metaspace       used 105898K, capacity 111796K, committed 112152K, reserved 1146880K
  class space    used 13361K, capacity 14510K, committed 14632K, reserved 1048576K
Event: 508.308 GC heap after
Heap after GC invocations=141 (full 5):
 PSYoungGen      total 497664K, used 2642K [0x00000000e0000000, 0x00000000ffe00000, 0x0000000100000000)
  eden space 474624K, 0% used [0x00000000e0000000,0x00000000e0000000,0x00000000fcf80000)
  from space 23040K, 11% used [0x00000000fe780000,0x00000000fea14b80,0x00000000ffe00000)
  to   space 24064K, 0% used [0x00000000fcf80000,0x00000000fcf80000,0x00000000fe700000)
 ParOldGen       total 772096K, used 673760K [0x00000000a0000000, 0x00000000cf200000, 0x00000000e0000000)
  object space 772096K, 87% used [0x00000000a0000000,0x00000000c91f83b0,0x00000000cf200000)
 Metaspace       used 105898K, capacity 111796K, committed 112152K, reserved 1146880K
  class space    used 13361K, capacity 14510K, committed 14632K, reserved 1048576K
}
Event: 508.514 GC heap before
{Heap before GC invocations=142 (full 5):
 PSYoungGen      total 497664K, used 477266K [0x00000000e0000000, 0x00000000ffe00000, 0x0000000100000000)
  eden space 474624K, 100% used [0x00000000e0000000,0x00000000fcf80000,0x00000000fcf80000)
  from space 23040K, 11% used [0x00000000fe780000,0x00000000fea14b80,0x00000000ffe00000)
  to   space 24064K, 0% used [0x00000000fcf80000,0x00000000fcf80000,0x00000000fe700000)
 ParOldGen       total 772096K, used 673760K [0x00000000a0000000, 0x00000000cf200000, 0x00000000e0000000)
  object space 772096K, 87% used [0x00000000a0000000,0x00000000c91f83b0,0x00000000cf200000)
 Metaspace       used 105939K, capacity 111796K, committed 112152K, reserved 1146880K
  class space    used 13364K, capacity 14510K, committed 14632K, reserved 1048576K
Event: 508.522 GC heap after
Heap after GC invocations=142 (full 5):
 PSYoungGen      total 498688K, used 7368K [0x00000000e0000000, 0x00000000ffe00000, 0x0000000100000000)
  eden space 474624K, 0% used [0x00000000e0000000,0x00000000e0000000,0x00000000fcf80000)
  from space 24064K, 30% used [0x00000000fcf80000,0x00000000fd6b23f8,0x00000000fe700000)
  to   space 22528K, 0% used [0x00000000fe800000,0x00000000fe800000,0x00000000ffe00000)
 ParOldGen       total 772096K, used 674192K [0x00000000a0000000, 0x00000000cf200000, 0x00000000e0000000)
  object space 772096K, 87% used [0x00000000a0000000,0x00000000c92640a0,0x00000000cf200000)
 Metaspace       used 105939K, capacity 111796K, committed 112152K, reserved 1146880K
  class space    used 13364K, capacity 14510K, committed 14632K, reserved 1048576K
}

