# JRE version: OpenJDK Runtime Environment (8.0_242-b01) (build 1.8.0_242-release-1644-b01)
# Java VM: OpenJDK 64-Bit Server VM (25.242-b01 mixed mode windows-amd64 compressed oops)
Heap:
 PSYoungGen      total 500736K, used 482774K [0x00000000e0000000, 0x00000000fff80000, 0x0000000100000000)
  eden space 478208K, 100% used [0x00000000e0000000,0x00000000fd300000,0x00000000fd300000)
  from space 22528K, 20% used [0x00000000fe900000,0x00000000fed75b90,0x00000000fff00000)
  to   space 22528K, 6% used [0x00000000fd300000,0x00000000fd461fb0,0x00000000fe900000)
 ParOldGen       total 595456K, used 319667K [0x00000000a0000000, 0x00000000c4580000, 0x00000000e0000000)
  object space 595456K, 53% used [0x00000000a0000000,0x00000000b382ee00,0x00000000c4580000)
 Metaspace       used 99413K, capacity 104484K, committed 112920K, reserved 1146880K
  class space    used 12400K, capacity 13424K, committed 14632K, reserved 1048576K
GC Heap History (10 events):
Event: 289.617 GC heap before
{Heap before GC invocations=151 (full 7):
 PSYoungGen      total 499200K, used 488610K [0x00000000e0000000, 0x00000000fff80000, 0x0000000100000000)
  eden space 474624K, 100% used [0x00000000e0000000,0x00000000fcf80000,0x00000000fcf80000)
  from space 24576K, 56% used [0x00000000fcf80000,0x00000000fdd28980,0x00000000fe780000)
  to   space 24576K, 0% used [0x00000000fe780000,0x00000000fe780000,0x00000000fff80000)
 ParOldGen       total 595456K, used 304188K [0x00000000a0000000, 0x00000000c4580000, 0x00000000e0000000)
  object space 595456K, 51% used [0x00000000a0000000,0x00000000b290f2e0,0x00000000c4580000)
 Metaspace       used 99409K, capacity 104484K, committed 112920K, reserved 1146880K
  class space    used 12400K, capacity 13424K, committed 14632K, reserved 1048576K
Event: 289.630 GC heap after
Heap after GC invocations=151 (full 7):
 PSYoungGen      total 498176K, used 8751K [0x00000000e0000000, 0x00000000ffe00000, 0x0000000100000000)
  eden space 475136K, 0% used [0x00000000e0000000,0x00000000e0000000,0x00000000fd000000)
  from space 23040K, 37% used [0x00000000fe780000,0x00000000ff00bdf0,0x00000000ffe00000)
  to   space 23552K, 0% used [0x00000000fd000000,0x00000000fd000000,0x00000000fe700000)
 ParOldGen       total 595456K, used 311401K [0x00000000a0000000, 0x00000000c4580000, 0x00000000e0000000)
  object space 595456K, 52% used [0x00000000a0000000,0x00000000b301a7c8,0x00000000c4580000)
 Metaspace       used 99409K, capacity 104484K, committed 112920K, reserved 1146880K
  class space    used 12400K, capacity 13424K, committed 14632K, reserved 1048576K
}
Event: 289.867 GC heap before
{Heap before GC invocations=152 (full 7):
 PSYoungGen      total 498176K, used 483887K [0x00000000e0000000, 0x00000000ffe00000, 0x0000000100000000)
  eden space 475136K, 100% used [0x00000000e0000000,0x00000000fd000000,0x00000000fd000000)
  from space 23040K, 37% used [0x00000000fe780000,0x00000000ff00bdf0,0x00000000ffe00000)
  to   space 23552K, 0% used [0x00000000fd000000,0x00000000fd000000,0x00000000fe700000)
 ParOldGen       total 595456K, used 311401K [0x00000000a0000000, 0x00000000c4580000, 0x00000000e0000000)
  object space 595456K, 52% used [0x00000000a0000000,0x00000000b301a7c8,0x00000000c4580000)
 Metaspace       used 99411K, capacity 104484K, committed 112920K, reserved 1146880K
  class space    used 12400K, capacity 13424K, committed 14632K, reserved 1048576K
Event: 289.875 GC heap after
Heap after GC invocations=152 (full 7):
 PSYoungGen      total 498688K, used 13251K [0x00000000e0000000, 0x00000000fff80000, 0x0000000100000000)
  eden space 475136K, 0% used [0x00000000e0000000,0x00000000e0000000,0x00000000fd000000)
  from space 23552K, 56% used [0x00000000fd000000,0x00000000fdcf0c28,0x00000000fe700000)
  to   space 23040K, 0% used [0x00000000fe900000,0x00000000fe900000,0x00000000fff80000)
 ParOldGen       total 595456K, used 312664K [0x00000000a0000000, 0x00000000c4580000, 0x00000000e0000000)
  object space 595456K, 52% used [0x00000000a0000000,0x00000000b3156148,0x00000000c4580000)
 Metaspace       used 99411K, capacity 104484K, committed 112920K, reserved 1146880K
  class space    used 12400K, capacity 13424K, committed 14632K, reserved 1048576K
}
Event: 290.096 GC heap before
{Heap before GC invocations=153 (full 7):
 PSYoungGen      total 498688K, used 488387K [0x00000000e0000000, 0x00000000fff80000, 0x0000000100000000)
  eden space 475136K, 100% used [0x00000000e0000000,0x00000000fd000000,0x00000000fd000000)
  from space 23552K, 56% used [0x00000000fd000000,0x00000000fdcf0c28,0x00000000fe700000)
  to   space 23040K, 0% used [0x00000000fe900000,0x00000000fe900000,0x00000000fff80000)
 ParOldGen       total 595456K, used 312664K [0x00000000a0000000, 0x00000000c4580000, 0x00000000e0000000)
  object space 595456K, 52% used [0x00000000a0000000,0x00000000b3156148,0x00000000c4580000)
 Metaspace       used 99411K, capacity 104484K, committed 112920K, reserved 1146880K
  class space    used 12400K, capacity 13424K, committed 14632K, reserved 1048576K
Event: 290.100 GC heap after
Heap after GC invocations=153 (full 7):
 PSYoungGen      total 500736K, used 5143K [0x00000000e0000000, 0x00000000fff80000, 0x0000000100000000)
  eden space 477696K, 0% used [0x00000000e0000000,0x00000000e0000000,0x00000000fd280000)
  from space 23040K, 22% used [0x00000000fe900000,0x00000000fee05c68,0x00000000fff80000)
  to   space 23040K, 0% used [0x00000000fd280000,0x00000000fd280000,0x00000000fe900000)
 ParOldGen       total 595456K, used 314486K [0x00000000a0000000, 0x00000000c4580000, 0x00000000e0000000)
  object space 595456K, 52% used [0x00000000a0000000,0x00000000b331dad8,0x00000000c4580000)
 Metaspace       used 99411K, capacity 104484K, committed 112920K, reserved 1146880K
  class space    used 12400K, capacity 13424K, committed 14632K, reserved 1048576K
}
Event: 290.300 GC heap before
{Heap before GC invocations=154 (full 7):
 PSYoungGen      total 500736K, used 482839K [0x00000000e0000000, 0x00000000fff80000, 0x0000000100000000)
  eden space 477696K, 100% used [0x00000000e0000000,0x00000000fd280000,0x00000000fd280000)
  from space 23040K, 22% used [0x00000000fe900000,0x00000000fee05c68,0x00000000fff80000)
  to   space 23040K, 0% used [0x00000000fd280000,0x00000000fd280000,0x00000000fe900000)
 ParOldGen       total 595456K, used 314486K [0x00000000a0000000, 0x00000000c4580000, 0x00000000e0000000)
  object space 595456K, 52% used [0x00000000a0000000,0x00000000b331dad8,0x00000000c4580000)
 Metaspace       used 99412K, capacity 104484K, committed 112920K, reserved 1146880K
  class space    used 12400K, capacity 13424K, committed 14632K, reserved 1048576K
Event: 290.305 GC heap after
Heap after GC invocations=154 (full 7):
 PSYoungGen      total 500736K, used 7543K [0x00000000e0000000, 0x00000000fff00000, 0x0000000100000000)
  eden space 477696K, 0% used [0x00000000e0000000,0x00000000e0000000,0x00000000fd280000)
  from space 23040K, 32% used [0x00000000fd280000,0x00000000fd9ddc78,0x00000000fe900000)
  to   space 22528K, 0% used [0x00000000fe900000,0x00000000fe900000,0x00000000fff00000)
 ParOldGen       total 595456K, used 315157K [0x00000000a0000000, 0x00000000c4580000, 0x00000000e0000000)
  object space 595456K, 52% used [0x00000000a0000000,0x00000000b33c5518,0x00000000c4580000)
 Metaspace       used 99412K, capacity 104484K, committed 112920K, reserved 1146880K
  class space    used 12400K, capacity 13424K, committed 14632K, reserved 1048576K
}
Event: 290.503 GC heap before
{Heap before GC invocations=155 (full 7):
 PSYoungGen      total 500736K, used 485239K [0x00000000e0000000, 0x00000000fff00000, 0x0000000100000000)
  eden space 477696K, 100% used [0x00000000e0000000,0x00000000fd280000,0x00000000fd280000)
  from space 23040K, 32% used [0x00000000fd280000,0x00000000fd9ddc78,0x00000000fe900000)
  to   space 22528K, 0% used [0x00000000fe900000,0x00000000fe900000,0x00000000fff00000)
 ParOldGen       total 595456K, used 315157K [0x00000000a0000000, 0x00000000c4580000, 0x00000000e0000000)
  object space 595456K, 52% used [0x00000000a0000000,0x00000000b33c5518,0x00000000c4580000)
 Metaspace       used 99412K, capacity 104484K, committed 112920K, reserved 1146880K
  class space    used 12400K, capacity 13424K, committed 14632K, reserved 1048576K
Event: 290.508 GC heap after
Heap after GC invocations=155 (full 7):
 PSYoungGen      total 500736K, used 4566K [0x00000000e0000000, 0x00000000fff80000, 0x0000000100000000)
  eden space 478208K, 0% used [0x00000000e0000000,0x00000000e0000000,0x00000000fd300000)
  from space 22528K, 20% used [0x00000000fe900000,0x00000000fed75b90,0x00000000fff00000)
  to   space 22528K, 0% used [0x00000000fd300000,0x00000000fd300000,0x00000000fe900000)
 ParOldGen       total 595456K, used 318874K [0x00000000a0000000, 0x00000000c4580000, 0x00000000e0000000)
  object space 595456K, 53% used [0x00000000a0000000,0x00000000b3766b10,0x00000000c4580000)
 Metaspace       used 99412K, capacity 104484K, committed 112920K, reserved 1146880K
  class space    used 12400K, capacity 13424K, committed 14632K, reserved 1048576K
}

