# JRE version: OpenJDK Runtime Environment (8.0_242-b01) (build 1.8.0_242-release-1644-b01)
# Java VM: OpenJDK 64-Bit Server VM (25.242-b01 mixed mode windows-amd64 compressed oops)
Heap:
 PSYoungGen      total 474112K, used 159826K [0x00000000e0000000, 0x0000000100000000, 0x0000000100000000)
  eden space 443392K, 29% used [0x00000000e0000000,0x00000000e7e14ae8,0x00000000fb100000)
  from space 30720K, 99% used [0x00000000fe200000,0x00000000fffffd38,0x0000000100000000)
  to   space 40448K, 0% used [0x00000000fb100000,0x00000000fb100000,0x00000000fd880000)
 ParOldGen       total 620544K, used 462977K [0x00000000a0000000, 0x00000000c5e00000, 0x00000000e0000000)
  object space 620544K, 74% used [0x00000000a0000000,0x00000000bc420418,0x00000000c5e00000)
 Metaspace       used 101611K, capacity 105766K, committed 112024K, reserved 1146880K
  class space    used 12510K, capacity 13328K, committed 15016K, reserved 1048576K
GC Heap History (10 events):
Event: 1783.781 GC heap before
{Heap before GC invocations=230 (full 8):
 PSYoungGen      total 487936K, used 462791K [0x00000000e0000000, 0x0000000100000000, 0x0000000100000000)
  eden space 451584K, 100% used [0x00000000e0000000,0x00000000fb900000,0x00000000fb900000)
  from space 36352K, 30% used [0x00000000fb900000,0x00000000fc3f1fa8,0x00000000fdc80000)
  to   space 34816K, 0% used [0x00000000fde00000,0x00000000fde00000,0x0000000100000000)
 ParOldGen       total 620544K, used 408413K [0x00000000a0000000, 0x00000000c5e00000, 0x00000000e0000000)
  object space 620544K, 65% used [0x00000000a0000000,0x00000000b8ed75c0,0x00000000c5e00000)
 Metaspace       used 101510K, capacity 105598K, committed 112024K, reserved 1146880K
  class space    used 12497K, capacity 13258K, committed 15016K, reserved 1048576K
Event: 1783.793 GC heap after
Heap after GC invocations=230 (full 8):
 PSYoungGen      total 483328K, used 11506K [0x00000000e0000000, 0x00000000ffb80000, 0x0000000100000000)
  eden space 453120K, 0% used [0x00000000e0000000,0x00000000e0000000,0x00000000fba80000)
  from space 30208K, 38% used [0x00000000fde00000,0x00000000fe93cbc0,0x00000000ffb80000)
  to   space 33280K, 0% used [0x00000000fba80000,0x00000000fba80000,0x00000000fdb00000)
 ParOldGen       total 620544K, used 417618K [0x00000000a0000000, 0x00000000c5e00000, 0x00000000e0000000)
  object space 620544K, 67% used [0x00000000a0000000,0x00000000b97d4ad8,0x00000000c5e00000)
 Metaspace       used 101510K, capacity 105598K, committed 112024K, reserved 1146880K
  class space    used 12497K, capacity 13258K, committed 15016K, reserved 1048576K
}
Event: 1783.951 GC heap before
{Heap before GC invocations=231 (full 8):
 PSYoungGen      total 483328K, used 464626K [0x00000000e0000000, 0x00000000ffb80000, 0x0000000100000000)
  eden space 453120K, 100% used [0x00000000e0000000,0x00000000fba80000,0x00000000fba80000)
  from space 30208K, 38% used [0x00000000fde00000,0x00000000fe93cbc0,0x00000000ffb80000)
  to   space 33280K, 0% used [0x00000000fba80000,0x00000000fba80000,0x00000000fdb00000)
 ParOldGen       total 620544K, used 417620K [0x00000000a0000000, 0x00000000c5e00000, 0x00000000e0000000)
  object space 620544K, 67% used [0x00000000a0000000,0x00000000b97d5360,0x00000000c5e00000)
 Metaspace       used 101511K, capacity 105598K, committed 112024K, reserved 1146880K
  class space    used 12497K, capacity 13258K, committed 15016K, reserved 1048576K
Event: 1783.965 GC heap after
Heap after GC invocations=231 (full 8):
 PSYoungGen      total 486400K, used 13492K [0x00000000e0000000, 0x0000000100000000, 0x0000000100000000)
  eden space 453120K, 0% used [0x00000000e0000000,0x00000000e0000000,0x00000000fba80000)
  from space 33280K, 40% used [0x00000000fba80000,0x00000000fc7ad048,0x00000000fdb00000)
  to   space 31744K, 0% used [0x00000000fe100000,0x00000000fe100000,0x0000000100000000)
 ParOldGen       total 620544K, used 427882K [0x00000000a0000000, 0x00000000c5e00000, 0x00000000e0000000)
  object space 620544K, 68% used [0x00000000a0000000,0x00000000ba1daa10,0x00000000c5e00000)
 Metaspace       used 101511K, capacity 105598K, committed 112024K, reserved 1146880K
  class space    used 12497K, capacity 13258K, committed 15016K, reserved 1048576K
}
Event: 1784.129 GC heap before
{Heap before GC invocations=232 (full 8):
 PSYoungGen      total 486400K, used 466612K [0x00000000e0000000, 0x0000000100000000, 0x0000000100000000)
  eden space 453120K, 100% used [0x00000000e0000000,0x00000000fba80000,0x00000000fba80000)
  from space 33280K, 40% used [0x00000000fba80000,0x00000000fc7ad048,0x00000000fdb00000)
  to   space 31744K, 0% used [0x00000000fe100000,0x00000000fe100000,0x0000000100000000)
 ParOldGen       total 620544K, used 427882K [0x00000000a0000000, 0x00000000c5e00000, 0x00000000e0000000)
  object space 620544K, 68% used [0x00000000a0000000,0x00000000ba1daa10,0x00000000c5e00000)
 Metaspace       used 101511K, capacity 105598K, committed 112024K, reserved 1146880K
  class space    used 12497K, capacity 13258K, committed 15016K, reserved 1048576K
Event: 1784.142 GC heap after
Heap after GC invocations=232 (full 8):
 PSYoungGen      total 487424K, used 10748K [0x00000000e0000000, 0x00000000ffc80000, 0x0000000100000000)
  eden space 459264K, 0% used [0x00000000e0000000,0x00000000e0000000,0x00000000fc080000)
  from space 28160K, 38% used [0x00000000fe100000,0x00000000feb7f000,0x00000000ffc80000)
  to   space 30720K, 0% used [0x00000000fc080000,0x00000000fc080000,0x00000000fde80000)
 ParOldGen       total 620544K, used 439954K [0x00000000a0000000, 0x00000000c5e00000, 0x00000000e0000000)
  object space 620544K, 70% used [0x00000000a0000000,0x00000000bada4b38,0x00000000c5e00000)
 Metaspace       used 101511K, capacity 105598K, committed 112024K, reserved 1146880K
  class space    used 12497K, capacity 13258K, committed 15016K, reserved 1048576K
}
Event: 1784.394 GC heap before
{Heap before GC invocations=233 (full 8):
 PSYoungGen      total 487424K, used 470012K [0x00000000e0000000, 0x00000000ffc80000, 0x0000000100000000)
  eden space 459264K, 100% used [0x00000000e0000000,0x00000000fc080000,0x00000000fc080000)
  from space 28160K, 38% used [0x00000000fe100000,0x00000000feb7f000,0x00000000ffc80000)
  to   space 30720K, 0% used [0x00000000fc080000,0x00000000fc080000,0x00000000fde80000)
 ParOldGen       total 620544K, used 440576K [0x00000000a0000000, 0x00000000c5e00000, 0x00000000e0000000)
  object space 620544K, 70% used [0x00000000a0000000,0x00000000bae40030,0x00000000c5e00000)
 Metaspace       used 101514K, capacity 105598K, committed 112024K, reserved 1146880K
  class space    used 12497K, capacity 13258K, committed 15016K, reserved 1048576K
Event: 1784.409 GC heap after
Heap after GC invocations=233 (full 8):
 PSYoungGen      total 489984K, used 19307K [0x00000000e0000000, 0x0000000100000000, 0x0000000100000000)
  eden space 459264K, 0% used [0x00000000e0000000,0x00000000e0000000,0x00000000fc080000)
  from space 30720K, 62% used [0x00000000fc080000,0x00000000fd35af60,0x00000000fde80000)
  to   space 30720K, 0% used [0x00000000fe200000,0x00000000fe200000,0x0000000100000000)
 ParOldGen       total 620544K, used 448943K [0x00000000a0000000, 0x00000000c5e00000, 0x00000000e0000000)
  object space 620544K, 72% used [0x00000000a0000000,0x00000000bb66beb0,0x00000000c5e00000)
 Metaspace       used 101514K, capacity 105598K, committed 112024K, reserved 1146880K
  class space    used 12497K, capacity 13258K, committed 15016K, reserved 1048576K
}
Event: 1787.349 GC heap before
{Heap before GC invocations=234 (full 8):
 PSYoungGen      total 489984K, used 478571K [0x00000000e0000000, 0x0000000100000000, 0x0000000100000000)
  eden space 459264K, 100% used [0x00000000e0000000,0x00000000fc080000,0x00000000fc080000)
  from space 30720K, 62% used [0x00000000fc080000,0x00000000fd35af60,0x00000000fde80000)
  to   space 30720K, 0% used [0x00000000fe200000,0x00000000fe200000,0x0000000100000000)
 ParOldGen       total 620544K, used 448976K [0x00000000a0000000, 0x00000000c5e00000, 0x00000000e0000000)
  object space 620544K, 72% used [0x00000000a0000000,0x00000000bb674378,0x00000000c5e00000)
 Metaspace       used 101516K, capacity 105598K, committed 112024K, reserved 1146880K
  class space    used 12497K, capacity 13258K, committed 15016K, reserved 1048576K
Event: 1787.370 GC heap after
Heap after GC invocations=234 (full 8):
 PSYoungGen      total 474112K, used 30719K [0x00000000e0000000, 0x0000000100000000, 0x0000000100000000)
  eden space 443392K, 0% used [0x00000000e0000000,0x00000000e0000000,0x00000000fb100000)
  from space 30720K, 99% used [0x00000000fe200000,0x00000000fffffd38,0x0000000100000000)
  to   space 40448K, 0% used [0x00000000fb100000,0x00000000fb100000,0x00000000fd880000)
 ParOldGen       total 620544K, used 462977K [0x00000000a0000000, 0x00000000c5e00000, 0x00000000e0000000)
  object space 620544K, 74% used [0x00000000a0000000,0x00000000bc420418,0x00000000c5e00000)
 Metaspace       used 101516K, capacity 105598K, committed 112024K, reserved 1146880K
  class space    used 12497K, capacity 13258K, committed 15016K, reserved 1048576K
}

